<?xml version="1.0" encoding="UTF-8"?>
<testng-results ignored="0" total="1" passed="1" failed="0" skipped="0">
  <reporter-output>
  </reporter-output>
  <suite started-at="2023-01-31T22:49:24 EST" name="Default suite" finished-at="2023-01-31T22:49:24 EST" duration-ms="42">
    <groups>
    </groups>
    <test started-at="2023-01-31T22:49:24 EST" name="Default test" finished-at="2023-01-31T22:49:24 EST" duration-ms="42">
      <class name="automation.Testing">
        <test-method is-config="true" signature="beforeSuite()[pri:0, instance:automation.Testing@e350b40]" started-at="2023-01-31T22:49:24 EST" name="beforeSuite" finished-at="2023-01-31T22:49:24 EST" duration-ms="7" status="PASS">
          <reporter-output>
          </reporter-output>
        </test-method> <!-- beforeSuite -->
        <test-method is-config="true" signature="BeforeTest()[pri:0, instance:automation.Testing@e350b40]" started-at="2023-01-31T22:49:24 EST" name="BeforeTest" finished-at="2023-01-31T22:49:24 EST" duration-ms="1" status="PASS">
          <reporter-output>
          </reporter-output>
        </test-method> <!-- BeforeTest -->
        <test-method is-config="true" signature="beforeClass()[pri:0, instance:automation.Testing@e350b40]" started-at="2023-01-31T22:49:24 EST" name="beforeClass" finished-at="2023-01-31T22:49:24 EST" duration-ms="0" status="PASS">
          <reporter-output>
          </reporter-output>
        </test-method> <!-- beforeClass -->
        <test-method is-config="true" signature="beforeMethod()[pri:0, instance:automation.Testing@e350b40]" started-at="2023-01-31T22:49:24 EST" name="beforeMethod" finished-at="2023-01-31T22:49:24 EST" duration-ms="0" status="PASS">
          <reporter-output>
          </reporter-output>
        </test-method> <!-- beforeMethod -->
        <test-method signature="testCase1()[pri:0, instance:automation.Testing@e350b40]" started-at="2023-01-31T22:49:24 EST" name="testCase1" finished-at="2023-01-31T22:49:24 EST" duration-ms="5" status="PASS">
          <reporter-output>
          </reporter-output>
        </test-method> <!-- testCase1 -->
        <test-method is-config="true" signature="aftermethode()[pri:0, instance:automation.Testing@e350b40]" started-at="2023-01-31T22:49:24 EST" name="aftermethode" finished-at="2023-01-31T22:49:24 EST" duration-ms="1" status="PASS">
          <reporter-output>
          </reporter-output>
        </test-method> <!-- aftermethode -->
        <test-method is-config="true" signature="afterClass()[pri:0, instance:automation.Testing@e350b40]" started-at="2023-01-31T22:49:24 EST" name="afterClass" finished-at="2023-01-31T22:49:24 EST" duration-ms="0" status="PASS">
          <reporter-output>
          </reporter-output>
        </test-method> <!-- afterClass -->
        <test-method is-config="true" signature="afterTest()[pri:0, instance:automation.Testing@e350b40]" started-at="2023-01-31T22:49:24 EST" name="afterTest" finished-at="2023-01-31T22:49:24 EST" duration-ms="0" status="PASS">
          <reporter-output>
          </reporter-output>
        </test-method> <!-- afterTest -->
        <test-method is-config="true" signature="afterSuit()[pri:0, instance:automation.Testing@e350b40]" started-at="2023-01-31T22:49:24 EST" name="afterSuit" finished-at="2023-01-31T22:49:24 EST" duration-ms="0" status="PASS">
          <reporter-output>
          </reporter-output>
        </test-method> <!-- afterSuit -->
      </class> <!-- automation.Testing -->
    </test> <!-- Default test -->
  </suite> <!-- Default suite -->
</testng-results>
